{"total": {"lines":{"total":7581,"covered":828,"skipped":0,"pct":10.92},"statements":{"total":7581,"covered":828,"skipped":0,"pct":10.92},"functions":{"total":70,"covered":31,"skipped":0,"pct":44.28},"branches":{"total":284,"covered":223,"skipped":0,"pct":78.52},"branchesTrue":{"total":0,"covered":0,"skipped":0,"pct":100}}
,"/home/runner/work/MaxVideoPlayer/MaxVideoPlayer/apps/desktop/src/App.tsx": {"lines":{"total":52,"covered":0,"skipped":0,"pct":0},"functions":{"total":1,"covered":0,"skipped":0,"pct":0},"statements":{"total":52,"covered":0,"skipped":0,"pct":0},"branches":{"total":1,"covered":0,"skipped":0,"pct":0}}
,"/home/runner/work/MaxVideoPlayer/MaxVideoPlayer/apps/desktop/src/components/AppLayout.tsx": {"lines":{"total":111,"covered":0,"skipped":0,"pct":0},"functions":{"total":1,"covered":0,"skipped":0,"pct":0},"statements":{"total":111,"covered":0,"skipped":0,"pct":0},"branches":{"total":1,"covered":0,"skipped":0,"pct":0}}
,"/home/runner/work/MaxVideoPlayer/MaxVideoPlayer/apps/desktop/src/components/DonationPopup.tsx": {"lines":{"total":44,"covered":0,"skipped":0,"pct":0},"functions":{"total":1,"covered":0,"skipped":0,"pct":0},"statements":{"total":44,"covered":0,"skipped":0,"pct":0},"branches":{"total":1,"covered":0,"skipped":0,"pct":0}}
,"/home/runner/work/MaxVideoPlayer/MaxVideoPlayer/apps/desktop/src/components/SplashScreen.tsx": {"lines":{"total":194,"covered":0,"skipped":0,"pct":0},"functions":{"total":1,"covered":0,"skipped":0,"pct":0},"statements":{"total":194,"covered":0,"skipped":0,"pct":0},"branches":{"total":1,"covered":0,"skipped":0,"pct":0}}
,"/home/runner/work/MaxVideoPlayer/MaxVideoPlayer/apps/desktop/src/components/UpdateBanner.tsx": {"lines":{"total":57,"covered":57,"skipped":0,"pct":100},"functions":{"total":1,"covered":1,"skipped":0,"pct":100},"statements":{"total":57,"covered":57,"skipped":0,"pct":100},"branches":{"total":23,"covered":22,"skipped":0,"pct":95.65}}
,"/home/runner/work/MaxVideoPlayer/MaxVideoPlayer/apps/desktop/src/components/channels/Breadcrumb.tsx": {"lines":{"total":18,"covered":18,"skipped":0,"pct":100},"functions":{"total":1,"covered":1,"skipped":0,"pct":100},"statements":{"total":18,"covered":18,"skipped":0,"pct":100},"branches":{"total":7,"covered":7,"skipped":0,"pct":100}}
,"/home/runner/work/MaxVideoPlayer/MaxVideoPlayer/apps/desktop/src/components/channels/CategoryBrowser.tsx": {"lines":{"total":48,"covered":48,"skipped":0,"pct":100},"functions":{"total":3,"covered":2,"skipped":0,"pct":66.66},"statements":{"total":48,"covered":48,"skipped":0,"pct":100},"branches":{"total":4,"covered":4,"skipped":0,"pct":100}}
,"/home/runner/work/MaxVideoPlayer/MaxVideoPlayer/apps/desktop/src/components/channels/CategoryFilter.tsx": {"lines":{"total":36,"covered":0,"skipped":0,"pct":0},"functions":{"total":1,"covered":0,"skipped":0,"pct":0},"statements":{"total":36,"covered":0,"skipped":0,"pct":0},"branches":{"total":1,"covered":0,"skipped":0,"pct":0}}
,"/home/runner/work/MaxVideoPlayer/MaxVideoPlayer/apps/desktop/src/components/channels/CategoryManager.tsx": {"lines":{"total":555,"covered":0,"skipped":0,"pct":0},"functions":{"total":1,"covered":0,"skipped":0,"pct":0},"statements":{"total":555,"covered":0,"skipped":0,"pct":0},"branches":{"total":1,"covered":0,"skipped":0,"pct":0}}
,"/home/runner/work/MaxVideoPlayer/MaxVideoPlayer/apps/desktop/src/components/channels/ChannelCard.tsx": {"lines":{"total":188,"covered":0,"skipped":0,"pct":0},"functions":{"total":1,"covered":0,"skipped":0,"pct":0},"statements":{"total":188,"covered":0,"skipped":0,"pct":0},"branches":{"total":1,"covered":0,"skipped":0,"pct":0}}
,"/home/runner/work/MaxVideoPlayer/MaxVideoPlayer/apps/desktop/src/components/channels/ChannelList.tsx": {"lines":{"total":915,"covered":0,"skipped":0,"pct":0},"functions":{"total":1,"covered":0,"skipped":0,"pct":0},"statements":{"total":915,"covered":0,"skipped":0,"pct":0},"branches":{"total":1,"covered":0,"skipped":0,"pct":0}}
,"/home/runner/work/MaxVideoPlayer/MaxVideoPlayer/apps/desktop/src/components/channels/EpgTimelineBar.tsx": {"lines":{"total":158,"covered":0,"skipped":0,"pct":0},"functions":{"total":1,"covered":1,"skipped":0,"pct":100},"statements":{"total":158,"covered":0,"skipped":0,"pct":0},"branches":{"total":1,"covered":1,"skipped":0,"pct":100}}
,"/home/runner/work/MaxVideoPlayer/MaxVideoPlayer/apps/desktop/src/components/channels/GroupList.tsx": {"lines":{"total":50,"covered":0,"skipped":0,"pct":0},"functions":{"total":1,"covered":0,"skipped":0,"pct":0},"statements":{"total":50,"covered":0,"skipped":0,"pct":0},"branches":{"total":1,"covered":0,"skipped":0,"pct":0}}
,"/home/runner/work/MaxVideoPlayer/MaxVideoPlayer/apps/desktop/src/components/channels/HistoryTab.tsx": {"lines":{"total":169,"covered":0,"skipped":0,"pct":0},"functions":{"total":1,"covered":0,"skipped":0,"pct":0},"statements":{"total":169,"covered":0,"skipped":0,"pct":0},"branches":{"total":1,"covered":0,"skipped":0,"pct":0}}
,"/home/runner/work/MaxVideoPlayer/MaxVideoPlayer/apps/desktop/src/components/channels/LiveInfoDrawer.tsx": {"lines":{"total":215,"covered":0,"skipped":0,"pct":0},"functions":{"total":1,"covered":0,"skipped":0,"pct":0},"statements":{"total":215,"covered":0,"skipped":0,"pct":0},"branches":{"total":1,"covered":0,"skipped":0,"pct":0}}
,"/home/runner/work/MaxVideoPlayer/MaxVideoPlayer/apps/desktop/src/components/channels/MovieInfoDrawer.tsx": {"lines":{"total":174,"covered":0,"skipped":0,"pct":0},"functions":{"total":1,"covered":0,"skipped":0,"pct":0},"statements":{"total":174,"covered":0,"skipped":0,"pct":0},"branches":{"total":1,"covered":0,"skipped":0,"pct":0}}
,"/home/runner/work/MaxVideoPlayer/MaxVideoPlayer/apps/desktop/src/components/channels/PinnedGroupsRow.tsx": {"lines":{"total":49,"covered":0,"skipped":0,"pct":0},"functions":{"total":1,"covered":0,"skipped":0,"pct":0},"statements":{"total":49,"covered":0,"skipped":0,"pct":0},"branches":{"total":1,"covered":0,"skipped":0,"pct":0}}
,"/home/runner/work/MaxVideoPlayer/MaxVideoPlayer/apps/desktop/src/components/channels/RecentlyPlayedRow.tsx": {"lines":{"total":86,"covered":0,"skipped":0,"pct":0},"functions":{"total":1,"covered":0,"skipped":0,"pct":0},"statements":{"total":86,"covered":0,"skipped":0,"pct":0},"branches":{"total":1,"covered":0,"skipped":0,"pct":0}}
,"/home/runner/work/MaxVideoPlayer/MaxVideoPlayer/apps/desktop/src/components/channels/SearchBar.tsx": {"lines":{"total":24,"covered":0,"skipped":0,"pct":0},"functions":{"total":1,"covered":0,"skipped":0,"pct":0},"statements":{"total":24,"covered":0,"skipped":0,"pct":0},"branches":{"total":1,"covered":0,"skipped":0,"pct":0}}
,"/home/runner/work/MaxVideoPlayer/MaxVideoPlayer/apps/desktop/src/components/channels/SeriesDetailModal.tsx": {"lines":{"total":357,"covered":0,"skipped":0,"pct":0},"functions":{"total":1,"covered":0,"skipped":0,"pct":0},"statements":{"total":357,"covered":0,"skipped":0,"pct":0},"branches":{"total":1,"covered":0,"skipped":0,"pct":0}}
,"/home/runner/work/MaxVideoPlayer/MaxVideoPlayer/apps/desktop/src/components/epg/ProgramGuide.tsx": {"lines":{"total":80,"covered":0,"skipped":0,"pct":0},"functions":{"total":1,"covered":0,"skipped":0,"pct":0},"statements":{"total":80,"covered":0,"skipped":0,"pct":0},"branches":{"total":1,"covered":0,"skipped":0,"pct":0}}
,"/home/runner/work/MaxVideoPlayer/MaxVideoPlayer/apps/desktop/src/components/player/ChannelOverlay.tsx": {"lines":{"total":52,"covered":0,"skipped":0,"pct":0},"functions":{"total":1,"covered":0,"skipped":0,"pct":0},"statements":{"total":52,"covered":0,"skipped":0,"pct":0},"branches":{"total":1,"covered":0,"skipped":0,"pct":0}}
,"/home/runner/work/MaxVideoPlayer/MaxVideoPlayer/apps/desktop/src/components/player/Controls.tsx": {"lines":{"total":183,"covered":0,"skipped":0,"pct":0},"functions":{"total":1,"covered":0,"skipped":0,"pct":0},"statements":{"total":183,"covered":0,"skipped":0,"pct":0},"branches":{"total":1,"covered":0,"skipped":0,"pct":0}}
,"/home/runner/work/MaxVideoPlayer/MaxVideoPlayer/apps/desktop/src/components/player/SubtitleOverlay.tsx": {"lines":{"total":84,"covered":0,"skipped":0,"pct":0},"functions":{"total":1,"covered":0,"skipped":0,"pct":0},"statements":{"total":84,"covered":0,"skipped":0,"pct":0},"branches":{"total":1,"covered":0,"skipped":0,"pct":0}}
,"/home/runner/work/MaxVideoPlayer/MaxVideoPlayer/apps/desktop/src/components/player/SubtitlePicker.tsx": {"lines":{"total":309,"covered":0,"skipped":0,"pct":0},"functions":{"total":1,"covered":0,"skipped":0,"pct":0},"statements":{"total":309,"covered":0,"skipped":0,"pct":0},"branches":{"total":1,"covered":0,"skipped":0,"pct":0}}
,"/home/runner/work/MaxVideoPlayer/MaxVideoPlayer/apps/desktop/src/components/player/VideoPlayer.tsx": {"lines":{"total":566,"covered":0,"skipped":0,"pct":0},"functions":{"total":1,"covered":0,"skipped":0,"pct":0},"statements":{"total":566,"covered":0,"skipped":0,"pct":0},"branches":{"total":1,"covered":0,"skipped":0,"pct":0}}
,"/home/runner/work/MaxVideoPlayer/MaxVideoPlayer/apps/desktop/src/components/playlist/AddProvider.tsx": {"lines":{"total":268,"covered":0,"skipped":0,"pct":0},"functions":{"total":1,"covered":0,"skipped":0,"pct":0},"statements":{"total":268,"covered":0,"skipped":0,"pct":0},"branches":{"total":1,"covered":0,"skipped":0,"pct":0}}
,"/home/runner/work/MaxVideoPlayer/MaxVideoPlayer/apps/desktop/src/components/playlist/PlaylistManager.tsx": {"lines":{"total":138,"covered":0,"skipped":0,"pct":0},"functions":{"total":1,"covered":0,"skipped":0,"pct":0},"statements":{"total":138,"covered":0,"skipped":0,"pct":0},"branches":{"total":1,"covered":0,"skipped":0,"pct":0}}
,"/home/runner/work/MaxVideoPlayer/MaxVideoPlayer/apps/desktop/src/components/playlist/ProviderSettingsModal.tsx": {"lines":{"total":407,"covered":0,"skipped":0,"pct":0},"functions":{"total":1,"covered":0,"skipped":0,"pct":0},"statements":{"total":407,"covered":0,"skipped":0,"pct":0},"branches":{"total":1,"covered":0,"skipped":0,"pct":0}}
,"/home/runner/work/MaxVideoPlayer/MaxVideoPlayer/apps/desktop/src/components/settings/Settings.tsx": {"lines":{"total":637,"covered":0,"skipped":0,"pct":0},"functions":{"total":1,"covered":0,"skipped":0,"pct":0},"statements":{"total":637,"covered":0,"skipped":0,"pct":0},"branches":{"total":1,"covered":0,"skipped":0,"pct":0}}
,"/home/runner/work/MaxVideoPlayer/MaxVideoPlayer/apps/desktop/src/components/ui/badge.tsx": {"lines":{"total":23,"covered":0,"skipped":0,"pct":0},"functions":{"total":1,"covered":1,"skipped":0,"pct":100},"statements":{"total":23,"covered":0,"skipped":0,"pct":0},"branches":{"total":1,"covered":1,"skipped":0,"pct":100}}
,"/home/runner/work/MaxVideoPlayer/MaxVideoPlayer/apps/desktop/src/components/ui/button.tsx": {"lines":{"total":40,"covered":0,"skipped":0,"pct":0},"functions":{"total":1,"covered":0,"skipped":0,"pct":0},"statements":{"total":40,"covered":0,"skipped":0,"pct":0},"branches":{"total":1,"covered":0,"skipped":0,"pct":0}}
,"/home/runner/work/MaxVideoPlayer/MaxVideoPlayer/apps/desktop/src/components/ui/card.tsx": {"lines":{"total":40,"covered":0,"skipped":0,"pct":0},"functions":{"total":1,"covered":0,"skipped":0,"pct":0},"statements":{"total":40,"covered":0,"skipped":0,"pct":0},"branches":{"total":1,"covered":0,"skipped":0,"pct":0}}
,"/home/runner/work/MaxVideoPlayer/MaxVideoPlayer/apps/desktop/src/components/ui/input.tsx": {"lines":{"total":17,"covered":0,"skipped":0,"pct":0},"functions":{"total":1,"covered":0,"skipped":0,"pct":0},"statements":{"total":17,"covered":0,"skipped":0,"pct":0},"branches":{"total":1,"covered":0,"skipped":0,"pct":0}}
,"/home/runner/work/MaxVideoPlayer/MaxVideoPlayer/apps/desktop/src/components/ui/ratings-row.tsx": {"lines":{"total":55,"covered":0,"skipped":0,"pct":0},"functions":{"total":1,"covered":0,"skipped":0,"pct":0},"statements":{"total":55,"covered":0,"skipped":0,"pct":0},"branches":{"total":1,"covered":0,"skipped":0,"pct":0}}
,"/home/runner/work/MaxVideoPlayer/MaxVideoPlayer/apps/desktop/src/components/ui/scroll-area.tsx": {"lines":{"total":12,"covered":0,"skipped":0,"pct":0},"functions":{"total":1,"covered":0,"skipped":0,"pct":0},"statements":{"total":12,"covered":0,"skipped":0,"pct":0},"branches":{"total":1,"covered":0,"skipped":0,"pct":0}}
,"/home/runner/work/MaxVideoPlayer/MaxVideoPlayer/apps/desktop/src/components/ui/select.tsx": {"lines":{"total":69,"covered":0,"skipped":0,"pct":0},"functions":{"total":1,"covered":0,"skipped":0,"pct":0},"statements":{"total":69,"covered":0,"skipped":0,"pct":0},"branches":{"total":1,"covered":0,"skipped":0,"pct":0}}
,"/home/runner/work/MaxVideoPlayer/MaxVideoPlayer/apps/desktop/src/components/ui/slider.tsx": {"lines":{"total":31,"covered":0,"skipped":0,"pct":0},"functions":{"total":1,"covered":0,"skipped":0,"pct":0},"statements":{"total":31,"covered":0,"skipped":0,"pct":0},"branches":{"total":1,"covered":0,"skipped":0,"pct":0}}
,"/home/runner/work/MaxVideoPlayer/MaxVideoPlayer/apps/desktop/src/hooks/useChannels.ts": {"lines":{"total":259,"covered":184,"skipped":0,"pct":71.04},"functions":{"total":9,"covered":8,"skipped":0,"pct":88.88},"statements":{"total":259,"covered":184,"skipped":0,"pct":71.04},"branches":{"total":40,"covered":34,"skipped":0,"pct":85}}
,"/home/runner/work/MaxVideoPlayer/MaxVideoPlayer/apps/desktop/src/hooks/useDonationPrompt.ts": {"lines":{"total":20,"covered":20,"skipped":0,"pct":100},"functions":{"total":2,"covered":2,"skipped":0,"pct":100},"statements":{"total":20,"covered":20,"skipped":0,"pct":100},"branches":{"total":8,"covered":7,"skipped":0,"pct":87.5}}
,"/home/runner/work/MaxVideoPlayer/MaxVideoPlayer/apps/desktop/src/hooks/useGroupHierarchy.ts": {"lines":{"total":74,"covered":63,"skipped":0,"pct":85.13},"functions":{"total":1,"covered":1,"skipped":0,"pct":100},"statements":{"total":74,"covered":63,"skipped":0,"pct":85.13},"branches":{"total":14,"covered":12,"skipped":0,"pct":85.71}}
,"/home/runner/work/MaxVideoPlayer/MaxVideoPlayer/apps/desktop/src/hooks/useMpv.ts": {"lines":{"total":152,"covered":139,"skipped":0,"pct":91.44},"functions":{"total":1,"covered":1,"skipped":0,"pct":100},"statements":{"total":152,"covered":139,"skipped":0,"pct":91.44},"branches":{"total":36,"covered":33,"skipped":0,"pct":91.66}}
,"/home/runner/work/MaxVideoPlayer/MaxVideoPlayer/apps/desktop/src/hooks/usePlatform.ts": {"lines":{"total":33,"covered":0,"skipped":0,"pct":0},"functions":{"total":1,"covered":0,"skipped":0,"pct":0},"statements":{"total":33,"covered":0,"skipped":0,"pct":0},"branches":{"total":1,"covered":0,"skipped":0,"pct":0}}
,"/home/runner/work/MaxVideoPlayer/MaxVideoPlayer/apps/desktop/src/hooks/useSplashScreen.ts": {"lines":{"total":140,"covered":132,"skipped":0,"pct":94.28},"functions":{"total":3,"covered":3,"skipped":0,"pct":100},"statements":{"total":140,"covered":132,"skipped":0,"pct":94.28},"branches":{"total":46,"covered":42,"skipped":0,"pct":91.3}}
,"/home/runner/work/MaxVideoPlayer/MaxVideoPlayer/apps/desktop/src/hooks/useUpdateChecker.ts": {"lines":{"total":107,"covered":105,"skipped":0,"pct":98.13},"functions":{"total":1,"covered":1,"skipped":0,"pct":100},"statements":{"total":107,"covered":105,"skipped":0,"pct":98.13},"branches":{"total":28,"covered":24,"skipped":0,"pct":85.71}}
,"/home/runner/work/MaxVideoPlayer/MaxVideoPlayer/apps/desktop/src/lib/date.ts": {"lines":{"total":5,"covered":5,"skipped":0,"pct":100},"functions":{"total":1,"covered":1,"skipped":0,"pct":100},"statements":{"total":5,"covered":5,"skipped":0,"pct":100},"branches":{"total":5,"covered":5,"skipped":0,"pct":100}}
,"/home/runner/work/MaxVideoPlayer/MaxVideoPlayer/apps/desktop/src/lib/format.ts": {"lines":{"total":9,"covered":9,"skipped":0,"pct":100},"functions":{"total":1,"covered":1,"skipped":0,"pct":100},"statements":{"total":9,"covered":9,"skipped":0,"pct":100},"branches":{"total":3,"covered":3,"skipped":0,"pct":100}}
,"/home/runner/work/MaxVideoPlayer/MaxVideoPlayer/apps/desktop/src/lib/fullscreen-context.tsx": {"lines":{"total":13,"covered":0,"skipped":0,"pct":0},"functions":{"total":1,"covered":0,"skipped":0,"pct":0},"statements":{"total":13,"covered":0,"skipped":0,"pct":0},"branches":{"total":1,"covered":0,"skipped":0,"pct":0}}
,"/home/runner/work/MaxVideoPlayer/MaxVideoPlayer/apps/desktop/src/lib/openUrl.ts": {"lines":{"total":8,"covered":0,"skipped":0,"pct":0},"functions":{"total":1,"covered":0,"skipped":0,"pct":0},"statements":{"total":8,"covered":0,"skipped":0,"pct":0},"branches":{"total":1,"covered":0,"skipped":0,"pct":0}}
,"/home/runner/work/MaxVideoPlayer/MaxVideoPlayer/apps/desktop/src/lib/subtitle-delay.ts": {"lines":{"total":12,"covered":12,"skipped":0,"pct":100},"functions":{"total":2,"covered":2,"skipped":0,"pct":100},"statements":{"total":12,"covered":12,"skipped":0,"pct":100},"branches":{"total":12,"covered":12,"skipped":0,"pct":100}}
,"/home/runner/work/MaxVideoPlayer/MaxVideoPlayer/apps/desktop/src/lib/subtitle-parser.ts": {"lines":{"total":33,"covered":33,"skipped":0,"pct":100},"functions":{"total":3,"covered":3,"skipped":0,"pct":100},"statements":{"total":33,"covered":33,"skipped":0,"pct":100},"branches":{"total":17,"covered":14,"skipped":0,"pct":82.35}}
,"/home/runner/work/MaxVideoPlayer/MaxVideoPlayer/apps/desktop/src/lib/tauri.ts": {"lines":{"total":202,"covered":0,"skipped":0,"pct":0},"functions":{"total":1,"covered":0,"skipped":0,"pct":0},"statements":{"total":202,"covered":0,"skipped":0,"pct":0},"branches":{"total":1,"covered":0,"skipped":0,"pct":0}}
,"/home/runner/work/MaxVideoPlayer/MaxVideoPlayer/apps/desktop/src/lib/types.ts": {"lines":{"total":0,"covered":0,"skipped":0,"pct":0},"functions":{"total":1,"covered":1,"skipped":0,"pct":0},"statements":{"total":0,"covered":0,"skipped":0,"pct":0},"branches":{"total":1,"covered":1,"skipped":0,"pct":0}}
,"/home/runner/work/MaxVideoPlayer/MaxVideoPlayer/apps/desktop/src/lib/utils.ts": {"lines":{"total":3,"covered":3,"skipped":0,"pct":100},"functions":{"total":1,"covered":1,"skipped":0,"pct":100},"statements":{"total":3,"covered":3,"skipped":0,"pct":100},"branches":{"total":1,"covered":1,"skipped":0,"pct":100}}
}
